#
# A fatal error has been detected by the Java Runtime Environment:
#
#  SIGSEGV (0xb) at pc=0x000000010720b62c, pid=1963, tid=17155
#
# JRE version: Java(TM) SE Runtime Environment (8.0_05-b13) (build 1.8.0_05-b13)
# Java VM: Java HotSpot(TM) 64-Bit Server VM (25.5-b02 mixed mode bsd-amd64 compressed oops)
# Problematic frame:
# V  [libjvm.dylib+0x40b62c]
#
# Failed to write core dump. Core dumps have been disabled. To enable core dumping, try "ulimit -c unlimited" before starting Java again
#
# If you would like to submit a bug report, please visit:
#   http://bugreport.sun.com/bugreport/crash.jsp
#

---------------  T H R E A D  ---------------

Current thread (0x00007fb532805000):  JavaThread "JDWP Transport Listener: dt_socket" daemon [_thread_in_vm, id=17155, stack(0x0000700000b3b000,0x0000700000c3b000)]

siginfo:si_signo=SIGSEGV: si_errno=0, si_code=0 (SEGV0), si_addr=0x0000000000000000

Registers:
RAX=0x0000000000000001, RBX=0x0000700000c3aa8b, RCX=0x00000001075af780, RDX=0x0000700000c3aa8b
RSP=0x0000700000c3a9d0, RBP=0x0000700000c3a9e0, RSI=0x00007fb532805000, RDI=0x000607fb530e2520
R8 =0x0000000000000000, R9 =0x00007fb530e252b0, R10=0x00000000396d0dc3, R11=0x00007fb530e00000
R12=0x00007fb532805000, R13=0x000607fb530e2520, R14=0x000607fb530e2520, R15=0x00007fb530c15b30
RIP=0x000000010720b62c, EFLAGS=0x0000000000010202, ERR=0x0000000000000000
  TRAPNO=0x000000000000000d

Top of Stack: (sp=0x0000700000c3a9d0)
0x0000700000c3a9d0:   0000700000c3aa8b 0000700000c3aa8b
0x0000700000c3a9e0:   0000700000c3aa40 000000010712497a
0x0000700000c3a9f0:   00007fb532805000 0000000000000000
0x0000700000c3aa00:   0000000000000000 0000000000000000
0x0000700000c3aa10:   00007fb532805000 00007fb532805000
0x0000700000c3aa20:   0000700000c3aa8b 0000700000c3aa90
0x0000700000c3aa30:   000607fb530e2520 000000000000000b
0x0000700000c3aa40:   0000700000c3aa60 000000010659f7dc
0x0000700000c3aa50:   0000000000000001 0000700000c3ab08
0x0000700000c3aa60:   0000700000c3aad0 0000000106584263
0x0000700000c3aa70:   0000700000c3aaa0 00007fb530e272d0
0x0000700000c3aa80:   0000000c00000032 0000000a00c3ab08
0x0000700000c3aa90:   0000000000000000 0000000000000000
0x0000700000c3aaa0:   0000000000000000 0000700000c3ac90
0x0000700000c3aab0:   00000001065a6eca 00007fb530e27290
0x0000700000c3aac0:   0000700000c3ab08 00000001065b2588
0x0000700000c3aad0:   0000700000c3aae0 000000010658435c
0x0000700000c3aae0:   0000700000c3ad00 000000010658d8f6
0x0000700000c3aaf0:   000024fd00000013 00000000000f0200
0x0000700000c3ab00:   00007fb530e25f40 00007fb530e27766
0x0000700000c3ab10:   00007fb5000001d2 00007fb530e26b60
0x0000700000c3ab20:   000000000000012c 0000700000c3ab58
0x0000700000c3ab30:   00007fb530e26b60 0000000000000000
0x0000700000c3ab40:   000024fd0000001c 00007fff0000a380
0x0000700000c3ab50:   0000700000c3ab58 b57f00000c000000
0x0000700000c3ab60:   06000000e0a8d130 00003e74696e693c
0x0000700000c3ab70:   0000005629280300 7f00000100000000
0x0000700000c3ab80:   000000e8a8d130b5 0000006e69616d04
0x0000700000c3ab90:   6176616a4c5b2816 74532f676e616c2f
0x0000700000c3aba0:   0056293b676e6972 0009000000000000
0x0000700000c3abb0:   0010a9d130b57f00 5074696e690a0000
0x0000700000c3abc0:   000000726579616c 0000000056292803 

Instructions: (pc=0x000000010720b62c)
0x000000010720b60c:   40 48 48 85 c0 75 e0 30 c0 0f b6 c0 5d c3 31 c0
0x000000010720b61c:   5d c3 55 48 89 e5 53 48 83 ec 08 48 85 ff 74 24
0x000000010720b62c:   48 8b 1f 48 85 db 74 1c 48 83 fb 37 74 16 48 8b
0x000000010720b63c:   03 48 89 df ff 50 08 84 c0 b8 00 00 00 00 48 0f 

Register to memory mapping:

RAX=0x0000000000000001 is an unknown value
RBX=0x0000700000c3aa8b is pointing into the stack for thread: 0x00007fb532805000
RCX=0x00000001075af780: UseMembar+0 in /Library/Java/JavaVirtualMachines/jdk1.8.0_05.jdk/Contents/Home/jre/lib/server/libjvm.dylib at 0x0000000106e00000
RDX=0x0000700000c3aa8b is pointing into the stack for thread: 0x00007fb532805000
RSP=0x0000700000c3a9d0 is pointing into the stack for thread: 0x00007fb532805000
RBP=0x0000700000c3a9e0 is pointing into the stack for thread: 0x00007fb532805000
RSI=0x00007fb532805000 is a thread
RDI=0x000607fb530e2520 is an unknown value
R8 =0x0000000000000000 is an unknown value
R9 =0x00007fb530e252b0 is an unknown value
R10=0x00000000396d0dc3 is an unknown value
R11=0x00007fb530e00000 is an unknown value
R12=0x00007fb532805000 is a thread
R13=0x000607fb530e2520 is an unknown value
R14=0x000607fb530e2520 is an unknown value
R15=0x00007fb530c15b30 is an unknown value


Stack: [0x0000700000b3b000,0x0000700000c3b000],  sp=0x0000700000c3a9d0,  free space=1022k
Native frames: (J=compiled Java code, j=interpreted, Vv=VM code, C=native code)
V  [libjvm.dylib+0x40b62c]
V  [libjvm.dylib+0x32497a]
C  [libjdwp.dylib+0x207dc]  isMethodSynthetic+0x63
C  [libjdwp.dylib+0x5263]  methods1+0x10b
C  [libjdwp.dylib+0x535c]  methodsWithGeneric+0xe
C  [libjdwp.dylib+0xe8f6]  debugLoop_run+0x1ce
C  [libjdwp.dylib+0x1f716]  attachThread+0x4d
V  [libjvm.dylib+0x3659ea]
V  [libjvm.dylib+0x51ccf5]
V  [libjvm.dylib+0x51e432]
V  [libjvm.dylib+0x445426]
C  [libsystem_pthread.dylib+0x3c13]  _pthread_body+0x83
C  [libsystem_pthread.dylib+0x3b90]  _pthread_body+0x0
C  [libsystem_pthread.dylib+0x1375]  thread_start+0xd


---------------  P R O C E S S  ---------------

Java Threads: ( => current thread )
  0x00007fb532803000 JavaThread "Service Thread" daemon [_thread_blocked, id=20227, stack(0x000070000114d000,0x000070000124d000)]
  0x00007fb531866800 JavaThread "C1 CompilerThread2" daemon [_thread_blocked, id=19715, stack(0x000070000104a000,0x000070000114a000)]
  0x00007fb531865800 JavaThread "C2 CompilerThread1" daemon [_thread_blocked, id=19203, stack(0x0000700000f47000,0x0000700001047000)]
  0x00007fb53280f800 JavaThread "C2 CompilerThread0" daemon [_thread_blocked, id=18691, stack(0x0000700000e44000,0x0000700000f44000)]
  0x00007fb532020800 JavaThread "JDWP Command Reader" daemon [_thread_in_native, id=18179, stack(0x0000700000d41000,0x0000700000e41000)]
  0x00007fb531832000 JavaThread "JDWP Event Helper Thread" daemon [_thread_blocked, id=17667, stack(0x0000700000c3e000,0x0000700000d3e000)]
=>0x00007fb532805000 JavaThread "JDWP Transport Listener: dt_socket" daemon [_thread_in_vm, id=17155, stack(0x0000700000b3b000,0x0000700000c3b000)]
  0x00007fb531023000 JavaThread "Signal Dispatcher" daemon [_thread_blocked, id=13839, stack(0x0000700000a38000,0x0000700000b38000)]
  0x00007fb532008000 JavaThread "Finalizer" daemon [_thread_blocked, id=12291, stack(0x000070000082f000,0x000070000092f000)]
  0x00007fb532007800 JavaThread "Reference Handler" daemon [_thread_blocked, id=11779, stack(0x000070000072c000,0x000070000082c000)]
  0x00007fb531006000 JavaThread "main" [_thread_blocked, id=5891, stack(0x000070000011a000,0x000070000021a000)]

Other Threads:
  0x00007fb532003000 VMThread [stack: 0x0000700000629000,0x0000700000729000] [id=11267]
  0x00007fb531867000 WatcherThread [stack: 0x0000700001250000,0x0000700001350000] [id=20739]

VM state:not at safepoint (normal execution)

VM Mutex/Monitor currently owned by a thread: None

Heap:
 PSYoungGen      total 1024K, used 732K [0x0000000795580000, 0x0000000795780000, 0x00000007c0000000)
  eden space 512K, 55% used [0x0000000795580000,0x00000007955c7388,0x0000000795600000)
  from space 512K, 87% used [0x0000000795600000,0x0000000795670020,0x0000000795680000)
  to   space 512K, 0% used [0x0000000795700000,0x0000000795700000,0x0000000795780000)
 ParOldGen       total 129536K, used 8K [0x0000000740000000, 0x0000000747e80000, 0x0000000795580000)
  object space 129536K, 0% used [0x0000000740000000,0x0000000740002000,0x0000000747e80000)
 Metaspace       used 2935K, capacity 4566K, committed 4864K, reserved 1056768K
  class space    used 317K, capacity 390K, committed 512K, reserved 1048576K

Card table byte_map: [0x0000000117080000,0x0000000117481000] byte_map_base: 0x0000000113680000

Marking Bits: (ParMarkBitMap*) 0x00000001076660a0
 Begin Bits: [0x000000011772c000, 0x000000011972c000)
 End Bits:   [0x000000011972c000, 0x000000011b72c000)

Polling page: 0x000000010657e000

CodeCache: size=245760Kb used=1168Kb max_used=1168Kb free=244591Kb
 bounds [0x0000000107cc0000, 0x0000000107f30000, 0x0000000116cc0000]
 total_blobs=293 nmethods=61 adapters=156
 compilation: enabled

Compilation events (10 events):
Event: 455.523 Thread 0x00007fb531866800   58       3       java.nio.charset.CoderResult::isUnderflow (13 bytes)
Event: 455.524 Thread 0x00007fb531866800 nmethod 58 0x0000000107de2050 code [0x0000000107de21a0, 0x0000000107de2350]
Event: 455.524 Thread 0x00007fb531866800   59       3       java.nio.ByteBuffer::array (35 bytes)
Event: 455.524 Thread 0x00007fb531866800 nmethod 59 0x0000000107de23d0 code [0x0000000107de2560, 0x0000000107de2838]
Event: 455.524 Thread 0x00007fb531866800   55       1       Tile::getPiece (5 bytes)
Event: 455.524 Thread 0x00007fb531866800 nmethod 55 0x0000000107de2990 code [0x0000000107de2ae0, 0x0000000107de2bf0]
Event: 455.524 Thread 0x00007fb531866800   60       3       java.nio.CharBuffer::hasArray (20 bytes)
Event: 455.525 Thread 0x00007fb531866800 nmethod 60 0x0000000107de2c50 code [0x0000000107de2da0, 0x0000000107de2f90]
Event: 455.525 Thread 0x00007fb531866800   61   !   3       java.io.PrintStream::write (83 bytes)
Event: 455.527 Thread 0x00007fb531866800 nmethod 61 0x0000000107de3010 code [0x0000000107de3240, 0x0000000107de3d68]

GC Heap History (2 events):
Event: 0.135 GC heap before
{Heap before GC invocations=1 (full 0):
 PSYoungGen      total 1024K, used 512K [0x0000000795580000, 0x0000000795700000, 0x00000007c0000000)
  eden space 512K, 100% used [0x0000000795580000,0x0000000795600000,0x0000000795600000)
  from space 512K, 0% used [0x0000000795680000,0x0000000795680000,0x0000000795700000)
  to   space 512K, 0% used [0x0000000795600000,0x0000000795600000,0x0000000795680000)
 ParOldGen       total 129536K, used 0K [0x0000000740000000, 0x0000000747e80000, 0x0000000795580000)
  object space 129536K, 0% used [0x0000000740000000,0x0000000740000000,0x0000000747e80000)
 Metaspace       used 2519K, capacity 4480K, committed 4480K, reserved 1056768K
  class space    used 268K, capacity 384K, committed 384K, reserved 1048576K
Event: 0.137 GC heap after
Heap after GC invocations=1 (full 0):
 PSYoungGen      total 1024K, used 448K [0x0000000795580000, 0x0000000795780000, 0x00000007c0000000)
  eden space 512K, 0% used [0x0000000795580000,0x0000000795580000,0x0000000795600000)
  from space 512K, 87% used [0x0000000795600000,0x0000000795670020,0x0000000795680000)
  to   space 512K, 0% used [0x0000000795700000,0x0000000795700000,0x0000000795780000)
 ParOldGen       total 129536K, used 8K [0x0000000740000000, 0x0000000747e80000, 0x0000000795580000)
  object space 129536K, 0% used [0x0000000740000000,0x0000000740002000,0x0000000747e80000)
 Metaspace       used 2519K, capacity 4480K, committed 4480K, reserved 1056768K
  class space    used 268K, capacity 384K, committed 384K, reserved 1048576K
}

Deoptimization events (0 events):
No events

Internal exceptions (8 events):
Event: 0.042 Thread 0x00007fb531006000 Exception <a 'java/lang/NoSuchMethodError': Method sun.misc.Unsafe.defineClass(Ljava/lang/String;[BII)Ljava/lang/Class; name or signature does not match> (0x0000000795594770) thrown at [/HUDSON/workspace/8-2-build-macosx-x86_64/jdk8u5/2488/hotspot/src/sha
Event: 0.042 Thread 0x00007fb531006000 Exception <a 'java/lang/NoSuchMethodError': Method sun.misc.Unsafe.prefetchRead(Ljava/lang/Object;J)V name or signature does not match> (0x0000000795594a00) thrown at [/HUDSON/workspace/8-2-build-macosx-x86_64/jdk8u5/2488/hotspot/src/share/vm/prims/jni.cp
Event: 0.148 Thread 0x00007fb531006000 Exception <a 'java/security/PrivilegedActionException'> (0x00000007955a38e0) thrown at [/HUDSON/workspace/8-2-build-macosx-x86_64/jdk8u5/2488/hotspot/src/share/vm/prims/jvm.cpp, line 1248]
Event: 0.163 Thread 0x00007fb531006000 Exception <a 'java/security/PrivilegedActionException'> (0x00000007955aa720) thrown at [/HUDSON/workspace/8-2-build-macosx-x86_64/jdk8u5/2488/hotspot/src/share/vm/prims/jvm.cpp, line 1248]
Event: 0.164 Thread 0x00007fb531006000 Exception <a 'java/security/PrivilegedActionException'> (0x00000007955acce0) thrown at [/HUDSON/workspace/8-2-build-macosx-x86_64/jdk8u5/2488/hotspot/src/share/vm/prims/jvm.cpp, line 1248]
Event: 0.165 Thread 0x00007fb531006000 Exception <a 'java/security/PrivilegedActionException'> (0x00000007955aeb88) thrown at [/HUDSON/workspace/8-2-build-macosx-x86_64/jdk8u5/2488/hotspot/src/share/vm/prims/jvm.cpp, line 1248]
Event: 0.166 Thread 0x00007fb531006000 Exception <a 'java/security/PrivilegedActionException'> (0x00000007955b0920) thrown at [/HUDSON/workspace/8-2-build-macosx-x86_64/jdk8u5/2488/hotspot/src/share/vm/prims/jvm.cpp, line 1248]
Event: 0.166 Thread 0x00007fb531006000 Exception <a 'java/security/PrivilegedActionException'> (0x00000007955b26d8) thrown at [/HUDSON/workspace/8-2-build-macosx-x86_64/jdk8u5/2488/hotspot/src/share/vm/prims/jvm.cpp, line 1248]

Events (10 events):
Event: 456.373 Executing VM operation: GetOrSetLocal
Event: 456.373 Executing VM operation: GetOrSetLocal done
Event: 456.374 Executing VM operation: GetOrSetLocal
Event: 456.374 Executing VM operation: GetOrSetLocal done
Event: 456.374 Executing VM operation: GetOrSetLocal
Event: 456.374 Executing VM operation: GetOrSetLocal done
Event: 456.374 Executing VM operation: GetOrSetLocal
Event: 456.374 Executing VM operation: GetOrSetLocal done
Event: 595.974 Executing VM operation: RedefineClasses
Event: 595.975 Executing VM operation: RedefineClasses done


Dynamic libraries:
0x000000000b573000 	/System/Library/Frameworks/Cocoa.framework/Versions/A/Cocoa
0x000000000b573000 	/System/Library/Frameworks/Security.framework/Versions/A/Security
0x000000000b573000 	/System/Library/Frameworks/ApplicationServices.framework/Versions/A/ApplicationServices
0x000000000b573000 	/usr/lib/libz.1.dylib
0x000000000b573000 	/usr/lib/libSystem.B.dylib
0x000000000b573000 	/usr/lib/libobjc.A.dylib
0x000000000b573000 	/System/Library/Frameworks/CoreFoundation.framework/Versions/A/CoreFoundation
0x000000000b573000 	/System/Library/Frameworks/Foundation.framework/Versions/C/Foundation
0x000000000b573000 	/System/Library/Frameworks/AppKit.framework/Versions/C/AppKit
0x000000000b573000 	/System/Library/Frameworks/CoreData.framework/Versions/A/CoreData
0x000000000b573000 	/System/Library/PrivateFrameworks/RemoteViewServices.framework/Versions/A/RemoteViewServices
0x000000000b573000 	/System/Library/PrivateFrameworks/UIFoundation.framework/Versions/A/UIFoundation
0x000000000b573000 	/usr/lib/libScreenReader.dylib
0x000000000b573000 	/System/Library/Frameworks/Accelerate.framework/Versions/A/Accelerate
0x000000000b573000 	/System/Library/Frameworks/IOSurface.framework/Versions/A/IOSurface
0x000000000b573000 	/System/Library/Frameworks/AudioToolbox.framework/Versions/A/AudioToolbox
0x000000000b573000 	/System/Library/Frameworks/AudioUnit.framework/Versions/A/AudioUnit
0x000000000b573000 	/System/Library/PrivateFrameworks/DataDetectorsCore.framework/Versions/A/DataDetectorsCore
0x000000000b573000 	/System/Library/PrivateFrameworks/DesktopServicesPriv.framework/Versions/A/DesktopServicesPriv
0x000000000b573000 	/System/Library/Frameworks/Carbon.framework/Versions/A/Frameworks/HIToolbox.framework/Versions/A/HIToolbox
0x000000000b573000 	/System/Library/Frameworks/QuartzCore.framework/Versions/A/QuartzCore
0x000000000b573000 	/System/Library/Frameworks/Carbon.framework/Versions/A/Frameworks/SpeechRecognition.framework/Versions/A/SpeechRecognition
0x000000000b573000 	/usr/lib/libauto.dylib
0x000000000b573000 	/usr/lib/libicucore.A.dylib
0x000000000b573000 	/usr/lib/libxml2.2.dylib
0x000000000b573000 	/System/Library/PrivateFrameworks/CoreUI.framework/Versions/A/CoreUI
0x000000000b573000 	/System/Library/Frameworks/CoreAudio.framework/Versions/A/CoreAudio
0x000000000b573000 	/System/Library/Frameworks/DiskArbitration.framework/Versions/A/DiskArbitration
0x000000000b573000 	/usr/lib/liblangid.dylib
0x000000000b573000 	/System/Library/PrivateFrameworks/MultitouchSupport.framework/Versions/A/MultitouchSupport
0x000000000b573000 	/System/Library/Frameworks/IOKit.framework/Versions/A/IOKit
0x000000000b573000 	/usr/lib/libDiagnosticMessagesClient.dylib
0x000000000b573000 	/System/Library/Frameworks/CoreServices.framework/Versions/A/CoreServices
0x000000000b573000 	/System/Library/PrivateFrameworks/PerformanceAnalysis.framework/Versions/A/PerformanceAnalysis
0x000000000b573000 	/System/Library/PrivateFrameworks/GenerationalStorage.framework/Versions/A/GenerationalStorage
0x000000000b573000 	/System/Library/Frameworks/OpenGL.framework/Versions/A/OpenGL
0x000000000b573000 	/System/Library/PrivateFrameworks/Sharing.framework/Versions/A/Sharing
0x000000000b573000 	/System/Library/Frameworks/CoreGraphics.framework/Versions/A/CoreGraphics
0x000000000b573000 	/System/Library/Frameworks/CoreImage.framework/Versions/A/CoreImage
0x000000000b573000 	/System/Library/Frameworks/CoreText.framework/Versions/A/CoreText
0x000000000b573000 	/System/Library/Frameworks/ImageIO.framework/Versions/A/ImageIO
0x000000000b573000 	/System/Library/PrivateFrameworks/Backup.framework/Versions/A/Backup
0x000000000b573000 	/usr/lib/libextension.dylib
0x000000000b573000 	/usr/lib/libarchive.2.dylib
0x000000000b573000 	/System/Library/Frameworks/CFNetwork.framework/Versions/A/CFNetwork
0x000000000b573000 	/System/Library/Frameworks/SystemConfiguration.framework/Versions/A/SystemConfiguration
0x000000000b573000 	/usr/lib/libCRFSuite.dylib
0x000000000b573000 	/usr/lib/libc++.1.dylib
0x000000000b573000 	/usr/lib/libc++abi.dylib
0x000000000b573000 	/usr/lib/system/libcache.dylib
0x000000000b573000 	/usr/lib/system/libcommonCrypto.dylib
0x000000000b573000 	/usr/lib/system/libcompiler_rt.dylib
0x000000000b573000 	/usr/lib/system/libcopyfile.dylib
0x000000000b573000 	/usr/lib/system/libcorecrypto.dylib
0x000000000b573000 	/usr/lib/system/libdispatch.dylib
0x000000000b573000 	/usr/lib/system/libdyld.dylib
0x000000000b573000 	/usr/lib/system/libkeymgr.dylib
0x000000000b573000 	/usr/lib/system/liblaunch.dylib
0x000000000b573000 	/usr/lib/system/libmacho.dylib
0x000000000b573000 	/usr/lib/system/libquarantine.dylib
0x000000000b573000 	/usr/lib/system/libremovefile.dylib
0x000000000b573000 	/usr/lib/system/libsystem_asl.dylib
0x000000000b573000 	/usr/lib/system/libsystem_blocks.dylib
0x000000000b573000 	/usr/lib/system/libsystem_c.dylib
0x000000000b573000 	/usr/lib/system/libsystem_configuration.dylib
0x000000000b573000 	/usr/lib/system/libsystem_coreservices.dylib
0x000000000b573000 	/usr/lib/system/libsystem_coretls.dylib
0x000000000b573000 	/usr/lib/system/libsystem_dnssd.dylib
0x000000000b573000 	/usr/lib/system/libsystem_info.dylib
0x000000000b573000 	/usr/lib/system/libsystem_kernel.dylib
0x000000000b573000 	/usr/lib/system/libsystem_m.dylib
0x000000000b573000 	/usr/lib/system/libsystem_malloc.dylib
0x000000000b573000 	/usr/lib/system/libsystem_network.dylib
0x000000000b573000 	/usr/lib/system/libsystem_networkextension.dylib
0x000000000b573000 	/usr/lib/system/libsystem_notify.dylib
0x000000000b573000 	/usr/lib/system/libsystem_platform.dylib
0x000000000b573000 	/usr/lib/system/libsystem_pthread.dylib
0x000000000b573000 	/usr/lib/system/libsystem_sandbox.dylib
0x000000000b573000 	/usr/lib/system/libsystem_secinit.dylib
0x000000000b573000 	/usr/lib/system/libsystem_trace.dylib
0x000000000b573000 	/usr/lib/system/libunc.dylib
0x000000000b573000 	/usr/lib/system/libunwind.dylib
0x000000000b573000 	/usr/lib/system/libxpc.dylib
0x000000000b573000 	/usr/lib/libenergytrace.dylib
0x000000000b573000 	/usr/lib/libbsm.0.dylib
0x000000000b573000 	/usr/lib/system/libkxld.dylib
0x000000000b573000 	/usr/lib/libxar.1.dylib
0x000000000b573000 	/usr/lib/libsqlite3.dylib
0x000000000b573000 	/usr/lib/libpam.2.dylib
0x000000000b573000 	/usr/lib/libOpenScriptingUtil.dylib
0x000000000b573000 	/usr/lib/libbz2.1.0.dylib
0x000000000b573000 	/usr/lib/liblzma.5.dylib
0x000000000b573000 	/System/Library/Frameworks/CoreServices.framework/Versions/A/Frameworks/FSEvents.framework/Versions/A/FSEvents
0x000000000b573000 	/System/Library/Frameworks/CoreServices.framework/Versions/A/Frameworks/CarbonCore.framework/Versions/A/CarbonCore
0x000000000b573000 	/System/Library/Frameworks/CoreServices.framework/Versions/A/Frameworks/Metadata.framework/Versions/A/Metadata
0x000000000b573000 	/System/Library/Frameworks/CoreServices.framework/Versions/A/Frameworks/OSServices.framework/Versions/A/OSServices
0x000000000b573000 	/System/Library/Frameworks/CoreServices.framework/Versions/A/Frameworks/SearchKit.framework/Versions/A/SearchKit
0x000000000b573000 	/System/Library/Frameworks/CoreServices.framework/Versions/A/Frameworks/AE.framework/Versions/A/AE
0x000000000b573000 	/System/Library/Frameworks/CoreServices.framework/Versions/A/Frameworks/LaunchServices.framework/Versions/A/LaunchServices
0x000000000b573000 	/System/Library/Frameworks/CoreServices.framework/Versions/A/Frameworks/DictionaryServices.framework/Versions/A/DictionaryServices
0x000000000b573000 	/System/Library/Frameworks/CoreServices.framework/Versions/A/Frameworks/SharedFileList.framework/Versions/A/SharedFileList
0x000000000b573000 	/System/Library/Frameworks/NetFS.framework/Versions/A/NetFS
0x000000000b573000 	/System/Library/PrivateFrameworks/NetAuth.framework/Versions/A/NetAuth
0x000000000b573000 	/System/Library/PrivateFrameworks/login.framework/Versions/A/Frameworks/loginsupport.framework/Versions/A/loginsupport
0x000000000b573000 	/System/Library/PrivateFrameworks/TCC.framework/Versions/A/TCC
0x000000000b573000 	/usr/lib/libmecabra.dylib
0x000000000b573000 	/System/Library/Frameworks/ApplicationServices.framework/Versions/A/Frameworks/ATS.framework/Versions/A/ATS
0x000000000b573000 	/System/Library/Frameworks/ApplicationServices.framework/Versions/A/Frameworks/ColorSync.framework/Versions/A/ColorSync
0x000000000b573000 	/System/Library/Frameworks/ApplicationServices.framework/Versions/A/Frameworks/HIServices.framework/Versions/A/HIServices
0x000000000b573000 	/System/Library/Frameworks/ApplicationServices.framework/Versions/A/Frameworks/LangAnalysis.framework/Versions/A/LangAnalysis
0x000000000b573000 	/System/Library/Frameworks/ApplicationServices.framework/Versions/A/Frameworks/PrintCore.framework/Versions/A/PrintCore
0x000000000b573000 	/System/Library/Frameworks/ApplicationServices.framework/Versions/A/Frameworks/QD.framework/Versions/A/QD
0x000000000b573000 	/System/Library/Frameworks/ApplicationServices.framework/Versions/A/Frameworks/SpeechSynthesis.framework/Versions/A/SpeechSynthesis
0x000000000b573000 	/System/Library/Frameworks/Metal.framework/Versions/A/Metal
0x000000000b573000 	/System/Library/Frameworks/Accelerate.framework/Versions/A/Frameworks/vImage.framework/Versions/A/vImage
0x000000000b573000 	/System/Library/Frameworks/Accelerate.framework/Versions/A/Frameworks/vecLib.framework/Versions/A/vecLib
0x000000000b573000 	/System/Library/Frameworks/Accelerate.framework/Versions/A/Frameworks/vecLib.framework/Versions/A/libvDSP.dylib
0x000000000b573000 	/System/Library/Frameworks/Accelerate.framework/Versions/A/Frameworks/vecLib.framework/Versions/A/libvMisc.dylib
0x000000000b573000 	/System/Library/Frameworks/Accelerate.framework/Versions/A/Frameworks/vecLib.framework/Versions/A/libLAPACK.dylib
0x000000000b573000 	/System/Library/Frameworks/Accelerate.framework/Versions/A/Frameworks/vecLib.framework/Versions/A/libBLAS.dylib
0x000000000b573000 	/System/Library/Frameworks/Accelerate.framework/Versions/A/Frameworks/vecLib.framework/Versions/A/libLinearAlgebra.dylib
0x000000000b573000 	/System/Library/Frameworks/Accelerate.framework/Versions/A/Frameworks/vecLib.framework/Versions/A/libSparseBLAS.dylib
0x000000000b573000 	/System/Library/PrivateFrameworks/GPUCompiler.framework/libmetal_timestamp.dylib
0x000000000b573000 	/System/Library/Frameworks/OpenGL.framework/Versions/A/Libraries/libCoreFSCache.dylib
0x000000000b573000 	/System/Library/PrivateFrameworks/IOAccelerator.framework/Versions/A/IOAccelerator
0x000000000b573000 	/System/Library/Frameworks/ApplicationServices.framework/Versions/A/Frameworks/ATS.framework/Versions/A/Resources/libFontParser.dylib
0x000000000b573000 	/System/Library/Frameworks/ApplicationServices.framework/Versions/A/Frameworks/ATS.framework/Versions/A/Resources/libFontRegistry.dylib
0x000000000b573000 	/System/Library/PrivateFrameworks/AppleVPA.framework/Versions/A/AppleVPA
0x000000000b573000 	/System/Library/PrivateFrameworks/AppleJPEG.framework/Versions/A/AppleJPEG
0x000000000b573000 	/System/Library/Frameworks/ImageIO.framework/Versions/A/Resources/libJPEG.dylib
0x000000000b573000 	/System/Library/Frameworks/ImageIO.framework/Versions/A/Resources/libTIFF.dylib
0x000000000b573000 	/System/Library/Frameworks/ImageIO.framework/Versions/A/Resources/libPng.dylib
0x000000000b573000 	/System/Library/Frameworks/ImageIO.framework/Versions/A/Resources/libGIF.dylib
0x000000000b573000 	/System/Library/Frameworks/ImageIO.framework/Versions/A/Resources/libJP2.dylib
0x000000000b573000 	/System/Library/Frameworks/ImageIO.framework/Versions/A/Resources/libRadiance.dylib
0x000000000b573000 	/System/Library/Frameworks/CoreVideo.framework/Versions/A/CoreVideo
0x000000000b573000 	/System/Library/Frameworks/OpenGL.framework/Versions/A/Libraries/libGLU.dylib
0x000000000b573000 	/System/Library/Frameworks/OpenGL.framework/Versions/A/Libraries/libGFXShared.dylib
0x000000000b573000 	/System/Library/Frameworks/OpenGL.framework/Versions/A/Libraries/libGL.dylib
0x000000000b573000 	/System/Library/Frameworks/OpenGL.framework/Versions/A/Libraries/libGLImage.dylib
0x000000000b573000 	/System/Library/Frameworks/OpenGL.framework/Versions/A/Libraries/libCVMSPluginSupport.dylib
0x000000000b573000 	/System/Library/Frameworks/OpenGL.framework/Versions/A/Libraries/libCoreVMClient.dylib
0x000000000b573000 	/usr/lib/libcups.2.dylib
0x000000000b573000 	/System/Library/Frameworks/Kerberos.framework/Versions/A/Kerberos
0x000000000b573000 	/System/Library/Frameworks/GSS.framework/Versions/A/GSS
0x000000000b573000 	/usr/lib/libresolv.9.dylib
0x000000000b573000 	/usr/lib/libiconv.2.dylib
0x000000000b573000 	/System/Library/PrivateFrameworks/Heimdal.framework/Versions/A/Heimdal
0x000000000b573000 	/usr/lib/libheimdal-asn1.dylib
0x000000000b573000 	/System/Library/Frameworks/OpenDirectory.framework/Versions/A/OpenDirectory
0x000000000b573000 	/System/Library/PrivateFrameworks/CommonAuth.framework/Versions/A/CommonAuth
0x000000000b573000 	/System/Library/Frameworks/OpenDirectory.framework/Versions/A/Frameworks/CFOpenDirectory.framework/Versions/A/CFOpenDirectory
0x000000000b573000 	/System/Library/Frameworks/SecurityFoundation.framework/Versions/A/SecurityFoundation
0x000000000b573000 	/System/Library/PrivateFrameworks/LanguageModeling.framework/Versions/A/LanguageModeling
0x000000000b573000 	/usr/lib/libmarisa.dylib
0x000000000b573000 	/usr/lib/libChineseTokenizer.dylib
0x000000000b573000 	/usr/lib/libcmph.dylib
0x000000000b573000 	/usr/lib/libcompression.dylib
0x000000000b573000 	/System/Library/Frameworks/ServiceManagement.framework/Versions/A/ServiceManagement
0x000000000b573000 	/usr/lib/libxslt.1.dylib
0x000000000b573000 	/System/Library/Frameworks/Carbon.framework/Versions/A/Frameworks/Ink.framework/Versions/A/Ink
0x000000000b573000 	/usr/lib/libFosl_dynamic.dylib
0x000000000b573000 	/System/Library/PrivateFrameworks/FaceCore.framework/Versions/A/FaceCore
0x000000000b573000 	/System/Library/Frameworks/OpenCL.framework/Versions/A/OpenCL
0x000000000b573000 	/System/Library/PrivateFrameworks/CrashReporterSupport.framework/Versions/A/CrashReporterSupport
0x000000000b573000 	/System/Library/PrivateFrameworks/IconServices.framework/Versions/A/IconServices
0x000000000b573000 	/System/Library/PrivateFrameworks/Apple80211.framework/Versions/A/Apple80211
0x000000000b573000 	/System/Library/Frameworks/CoreWLAN.framework/Versions/A/CoreWLAN
0x000000000b573000 	/System/Library/Frameworks/IOBluetooth.framework/Versions/A/IOBluetooth
0x000000000b573000 	/System/Library/PrivateFrameworks/CoreWiFi.framework/Versions/A/CoreWiFi
0x000000000b573000 	/System/Library/Frameworks/CoreBluetooth.framework/Versions/A/CoreBluetooth
0x000000000b573000 	/System/Library/PrivateFrameworks/ChunkingLibrary.framework/Versions/A/ChunkingLibrary
0x000000000b573000 	/System/Library/PrivateFrameworks/DebugSymbols.framework/Versions/A/DebugSymbols
0x000000000b573000 	/System/Library/PrivateFrameworks/CoreSymbolication.framework/Versions/A/CoreSymbolication
0x000000000b573000 	/System/Library/PrivateFrameworks/Symbolication.framework/Versions/A/Symbolication
0x000000000b573000 	/System/Library/PrivateFrameworks/SpeechRecognitionCore.framework/Versions/A/SpeechRecognitionCore
0x0000000106e00000 	/Library/Java/JavaVirtualMachines/jdk1.8.0_05.jdk/Contents/Home/jre/lib/server/libjvm.dylib
0x000000000b573000 	/usr/lib/libstdc++.6.dylib
0x000000010653c000 	/Library/Java/JavaVirtualMachines/jdk1.8.0_05.jdk/Contents/Home/jre/lib/libverify.dylib
0x000000010654a000 	/Library/Java/JavaVirtualMachines/jdk1.8.0_05.jdk/Contents/Home/jre/lib/libjava.dylib
0x000000010657f000 	/Library/Java/JavaVirtualMachines/jdk1.8.0_05.jdk/Contents/Home/jre/lib/libjdwp.dylib
0x00000001065ca000 	/Library/Java/JavaVirtualMachines/jdk1.8.0_05.jdk/Contents/Home/jre/lib/libnpt.dylib
0x00000001065d7000 	/Library/Java/JavaVirtualMachines/jdk1.8.0_05.jdk/Contents/Home/jre/lib/libzip.dylib
0x00000001065e1000 	/System/Library/Frameworks/JavaVM.framework/Frameworks/JavaRuntimeSupport.framework/JavaRuntimeSupport
0x000000011d61f000 	/System/Library/Frameworks/JavaVM.framework/Versions/A/Frameworks/JavaNativeFoundation.framework/Versions/A/JavaNativeFoundation
0x000000011d634000 	/System/Library/Frameworks/JavaVM.framework/Versions/A/JavaVM
0x000000000b573000 	/System/Library/Frameworks/Carbon.framework/Versions/A/Carbon
0x000000011d641000 	/System/Library/PrivateFrameworks/JavaLaunching.framework/Versions/A/JavaLaunching
0x000000000b573000 	/System/Library/Frameworks/Carbon.framework/Versions/A/Frameworks/CommonPanels.framework/Versions/A/CommonPanels
0x000000000b573000 	/System/Library/Frameworks/Carbon.framework/Versions/A/Frameworks/Help.framework/Versions/A/Help
0x000000000b573000 	/System/Library/Frameworks/Carbon.framework/Versions/A/Frameworks/ImageCapture.framework/Versions/A/ImageCapture
0x000000000b573000 	/System/Library/Frameworks/Carbon.framework/Versions/A/Frameworks/OpenScripting.framework/Versions/A/OpenScripting
0x000000000b573000 	/System/Library/Frameworks/Carbon.framework/Versions/A/Frameworks/Print.framework/Versions/A/Print
0x000000000b573000 	/System/Library/Frameworks/Carbon.framework/Versions/A/Frameworks/SecurityHI.framework/Versions/A/SecurityHI
0x000000011ef5e000 	/Library/Java/JavaVirtualMachines/jdk1.8.0_05.jdk/Contents/Home/jre/lib/libdt_socket.dylib
0x000000011ef67000 	/Library/Java/JavaVirtualMachines/jdk1.8.0_05.jdk/Contents/Home/jre/lib/libnet.dylib

VM Arguments:
jvm_args: -agentlib:jdwp=transport=dt_socket,suspend=y,address=localhost:53558 -Dfile.encoding=UTF-8 
java_command: Main
java_class_path (initial): /Users/asharshoaib/Desktop/COMP4106/PuzzleAI/bin
Launcher Type: SUN_STANDARD

Environment Variables:
PATH=/usr/bin:/bin:/usr/sbin:/sbin
SHELL=/bin/zsh

Signal Handlers:
SIGSEGV: [libjvm.dylib+0x55f7df], sa_mask[0]=0xfffefeff, sa_flags=0x00000043
SIGBUS: [libjvm.dylib+0x55f7df], sa_mask[0]=0xfffefeff, sa_flags=0x00000042
SIGFPE: [libjvm.dylib+0x442cfa], sa_mask[0]=0xfffefeff, sa_flags=0x00000042
SIGPIPE: [libjvm.dylib+0x442cfa], sa_mask[0]=0xfffefeff, sa_flags=0x00000042
SIGXFSZ: [libjvm.dylib+0x442cfa], sa_mask[0]=0xfffefeff, sa_flags=0x00000042
SIGILL: [libjvm.dylib+0x442cfa], sa_mask[0]=0xfffefeff, sa_flags=0x00000042
SIGUSR1: SIG_DFL, sa_mask[0]=0x00000000, sa_flags=0x00000000
SIGUSR2: [libjvm.dylib+0x442818], sa_mask[0]=0x00000004, sa_flags=0x00000042
SIGHUP: [libjvm.dylib+0x440ba5], sa_mask[0]=0xfffefeff, sa_flags=0x00000042
SIGINT: [libjvm.dylib+0x440ba5], sa_mask[0]=0xfffefeff, sa_flags=0x00000042
SIGTERM: [libjvm.dylib+0x440ba5], sa_mask[0]=0xfffefeff, sa_flags=0x00000042
SIGQUIT: [libjvm.dylib+0x440ba5], sa_mask[0]=0xfffefeff, sa_flags=0x00000042


---------------  S Y S T E M  ---------------

OS:Bsduname:Darwin 15.3.0 Darwin Kernel Version 15.3.0: Thu Dec 10 18:40:58 PST 2015; root:xnu-3248.30.4~1/RELEASE_X86_64 x86_64
rlimit: STACK 8192k, CORE 0k, NPROC 709, NOFILE 10240, AS infinity
load average:1.96 1.91 1.91

CPU:total 4 (2 cores per cpu, 2 threads per core) family 6 model 42 stepping 7, cmov, cx8, fxsr, mmx, sse, sse2, sse3, ssse3, sse4.1, sse4.2, popcnt, avx, aes, clmul, ht, tsc, tscinvbit

Memory: 4k page, physical 8388608k(2356992k free)

/proc/meminfo:


vm_info: Java HotSpot(TM) 64-Bit Server VM (25.5-b02) for bsd-amd64 JRE (1.8.0_05-b13), built on Mar 18 2014 00:36:13 by "java_re" with gcc 4.2.1 (Based on Apple Inc. build 5658) (LLVM build 2336.11.00)

time: Mon Feb 22 19:38:21 2016
elapsed time: 596 seconds

